<?xml version="1.0" encoding="UTF-8"?>
<!-- Generated by org.testng.reporters.JUnitReportReporter -->
<testsuite skipped="0" hostname="LPT0052" name="Academy.E2EProject.Home" tests="1" failures="0" timestamp="2020-05-25T12:42:49 IST" time="6.110" errors="0">
  <testcase name="headerContactUs" time="6.110" classname="Academy.E2EProject.Home"/>
  <system-out/>
</testsuite> <!-- Academy.E2EProject.Home -->
