<?xml version="1.0" encoding="UTF-8"?>
<!-- Generated by org.testng.reporters.JUnitReportReporter -->
<testsuite skipped="0" hostname="LPT0052" name="Academy.E2EProject.Authentication" tests="2" failures="0" timestamp="2020-05-25T12:42:49 IST" time="9.266" errors="0">
  <testcase name="forgotPassword" time="3.725" classname="Academy.E2EProject.Authentication"/>
  <system-out/>
  <testcase name="login" time="5.541" classname="Academy.E2EProject.Authentication"/>
  <system-out/>
</testsuite> <!-- Academy.E2EProject.Authentication -->
