<?xml version="1.0" encoding="UTF-8"?>
<!-- Generated by org.testng.reporters.JUnitReportReporter -->
<testsuite skipped="1" hostname="LPT0052" name="Academy.E2EProject.MyAccount" tests="1" failures="0" timestamp="2020-05-21T12:04:30 IST" time="0.000" errors="0">
  <testcase name="myAccountLinkChecks" time="0.000" classname="Academy.E2EProject.MyAccount">
    <skipped/>
  </testcase> <!-- myAccountLinkChecks -->
  <system-out/>
</testsuite> <!-- Academy.E2EProject.MyAccount -->
