<?xml version="1.0" encoding="UTF-8"?>
<!-- Generated by org.testng.reporters.JUnitReportReporter -->
<testsuite skipped="0" hostname="LPT0052" name="Academy.E2EProject.HomePage" tests="1" failures="0" timestamp="2020-05-19T18:41:04 IST" time="24.856" errors="0">
  <testcase name="login" time="24.856" classname="Academy.E2EProject.HomePage"/>
  <system-out/>
</testsuite> <!-- Academy.E2EProject.HomePage -->
