<?xml version="1.0" encoding="UTF-8"?>
<!-- Generated by org.testng.reporters.JUnitReportReporter -->
<testsuite skipped="0" hostname="LPT0052" name="Academy.E2EProject.Home" tests="1" failures="0" timestamp="2020-05-25T12:31:47 IST" time="4.169" errors="0">
  <testcase name="headerContactUs" time="4.169" classname="Academy.E2EProject.Home"/>
  <system-out/>
</testsuite> <!-- Academy.E2EProject.Home -->
